2024-12-16T14:17:23.984+05:30  INFO 23388 --- [participant-service] [main] c.p.p.ParticipantServiceApplication      : Starting ParticipantServiceApplication using Java 21.0.3 with PID 23388 (C:\Users\M1087704\Documents\Practice\participant-service\target\classes started by 61087704 in C:\Users\M1087704\Documents\Practice\participant-service)
2024-12-16T14:17:23.988+05:30  INFO 23388 --- [participant-service] [main] c.p.p.ParticipantServiceApplication      : No active profile set, falling back to 1 default profile: "default"
2024-12-16T14:17:26.082+05:30  INFO 23388 --- [participant-service] [main] o.s.cloud.context.scope.GenericScope     : BeanFactory id=fe2a52d4-a393-34c7-b25f-ffd6510caa63
2024-12-16T14:17:27.507+05:30  INFO 23388 --- [participant-service] [main] o.s.b.w.embedded.tomcat.TomcatWebServer  : Tomcat initialized with port 9002 (http)
2024-12-16T14:17:27.527+05:30  INFO 23388 --- [participant-service] [main] o.apache.catalina.core.StandardService   : Starting service [Tomcat]
2024-12-16T14:17:27.527+05:30  INFO 23388 --- [participant-service] [main] o.apache.catalina.core.StandardEngine    : Starting Servlet engine: [Apache Tomcat/10.1.33]
2024-12-16T14:17:27.679+05:30  INFO 23388 --- [participant-service] [main] o.a.c.c.C.[Tomcat].[localhost].[/]       : Initializing Spring embedded WebApplicationContext
2024-12-16T14:17:27.680+05:30  INFO 23388 --- [participant-service] [main] w.s.c.ServletWebServerApplicationContext : Root WebApplicationContext: initialization completed in 3633 ms
2024-12-16T14:17:32.686+05:30  INFO 23388 --- [participant-service] [main] DiscoveryClientOptionalArgsConfiguration : Eureka HTTP Client uses RestTemplate.
2024-12-16T14:17:32.904+05:30  WARN 23388 --- [participant-service] [main] iguration$LoadBalancerCaffeineWarnLogger : Spring Cloud LoadBalancer is currently working with the default cache. While this cache implementation is useful for development and tests, it's recommended to use Caffeine cache in production.You can switch to using Caffeine cache, by adding it and org.springframework.cache.caffeine.CaffeineCacheManager to the classpath.
2024-12-16T14:17:32.941+05:30  INFO 23388 --- [participant-service] [main] o.s.b.a.e.web.EndpointLinksResolver      : Exposing 28 endpoints beneath base path '/actuator'
2024-12-16T14:17:33.122+05:30  INFO 23388 --- [participant-service] [main] o.s.c.n.eureka.InstanceInfoFactory       : Setting initial instance status as: STARTING
2024-12-16T14:17:33.179+05:30  INFO 23388 --- [participant-service] [main] com.netflix.discovery.DiscoveryClient    : Initializing Eureka in region us-east-1
2024-12-16T14:17:33.189+05:30  INFO 23388 --- [participant-service] [main] c.n.d.s.r.aws.ConfigClusterResolver      : Resolving eureka endpoints via configuration
2024-12-16T14:17:33.206+05:30  INFO 23388 --- [participant-service] [main] com.netflix.discovery.DiscoveryClient    : Disable delta property : false
2024-12-16T14:17:33.207+05:30  INFO 23388 --- [participant-service] [main] com.netflix.discovery.DiscoveryClient    : Single vip registry refresh property : null
2024-12-16T14:17:33.207+05:30  INFO 23388 --- [participant-service] [main] com.netflix.discovery.DiscoveryClient    : Force full registry fetch : false
2024-12-16T14:17:33.207+05:30  INFO 23388 --- [participant-service] [main] com.netflix.discovery.DiscoveryClient    : Application is null : false
2024-12-16T14:17:33.208+05:30  INFO 23388 --- [participant-service] [main] com.netflix.discovery.DiscoveryClient    : Registered Applications size is zero : true
2024-12-16T14:17:33.208+05:30  INFO 23388 --- [participant-service] [main] com.netflix.discovery.DiscoveryClient    : Application version is -1: true
2024-12-16T14:17:33.208+05:30  INFO 23388 --- [participant-service] [main] com.netflix.discovery.DiscoveryClient    : Getting all instance registry info from the eureka server
2024-12-16T14:17:34.007+05:30  INFO 23388 --- [participant-service] [main] com.netflix.discovery.DiscoveryClient    : The response status is 200
2024-12-16T14:17:34.011+05:30  INFO 23388 --- [participant-service] [main] com.netflix.discovery.DiscoveryClient    : Starting heartbeat executor: renew interval is: 30
2024-12-16T14:17:34.014+05:30  INFO 23388 --- [participant-service] [main] c.n.discovery.InstanceInfoReplicator     : InstanceInfoReplicator onDemand update allowed rate per min is 4
2024-12-16T14:17:34.018+05:30  INFO 23388 --- [participant-service] [main] com.netflix.discovery.DiscoveryClient    : Discovery Client initialized at timestamp 1734338854016 with initial instances count: 1
2024-12-16T14:17:34.048+05:30  INFO 23388 --- [participant-service] [main] o.s.c.n.e.s.EurekaServiceRegistry        : Registering application PARTICIPANT-SERVICE with eureka with status UP
2024-12-16T14:17:34.050+05:30  INFO 23388 --- [participant-service] [main] com.netflix.discovery.DiscoveryClient    : Saw local status change event StatusChangeEvent [timestamp=1734338854049, current=UP, previous=STARTING]
2024-12-16T14:17:34.052+05:30  INFO 23388 --- [participant-service] [DiscoveryClient-InstanceInfoReplicator-%d] com.netflix.discovery.DiscoveryClient    : DiscoveryClient_PARTICIPANT-SERVICE/10.238.133.64:participant-service:9002: registering service...
2024-12-16T14:17:34.097+05:30  INFO 23388 --- [participant-service] [main] o.s.b.w.embedded.tomcat.TomcatWebServer  : Tomcat started on port 9002 (http) with context path '/'
2024-12-16T14:17:34.099+05:30  INFO 23388 --- [participant-service] [main] .s.c.n.e.s.EurekaAutoServiceRegistration : Updating port to 9002
2024-12-16T14:17:34.163+05:30  INFO 23388 --- [participant-service] [DiscoveryClient-InstanceInfoReplicator-%d] com.netflix.discovery.DiscoveryClient    : DiscoveryClient_PARTICIPANT-SERVICE/10.238.133.64:participant-service:9002 - registration status: 204
2024-12-16T14:17:34.178+05:30  INFO 23388 --- [participant-service] [main] c.p.p.ParticipantServiceApplication      : Started ParticipantServiceApplication in 10.871 seconds (process running for 11.708)
2024-12-16T14:17:51.296+05:30  INFO 23388 --- [participant-service] [http-nio-9002-exec-1] o.a.c.c.C.[Tomcat].[localhost].[/]       : Initializing Spring DispatcherServlet 'dispatcherServlet'
2024-12-16T14:17:51.296+05:30  INFO 23388 --- [participant-service] [http-nio-9002-exec-1] o.s.web.servlet.DispatcherServlet        : Initializing Servlet 'dispatcherServlet'
2024-12-16T14:17:51.300+05:30  INFO 23388 --- [participant-service] [http-nio-9002-exec-1] o.s.web.servlet.DispatcherServlet        : Completed initialization in 3 ms
2024-12-16T14:18:19.949+05:30  INFO 23388 --- [participant-service] [http-nio-9002-exec-4] c.p.p.service.ParticipantService         : GetAllParticipant Method::
2024-12-16T14:22:33.224+05:30  INFO 23388 --- [participant-service] [AsyncResolver-bootstrap-executor-%d] c.n.d.s.r.aws.ConfigClusterResolver      : Resolving eureka endpoints via configuration
2024-12-16T14:23:48.825+05:30  INFO 23388 --- [participant-service] [SpringApplicationShutdownHook] o.s.c.n.e.s.EurekaServiceRegistry        : Unregistering application PARTICIPANT-SERVICE with eureka with status DOWN
2024-12-16T14:23:48.825+05:30  INFO 23388 --- [participant-service] [SpringApplicationShutdownHook] com.netflix.discovery.DiscoveryClient    : Saw local status change event StatusChangeEvent [timestamp=1734339228825, current=DOWN, previous=UP]
2024-12-16T14:23:48.825+05:30  INFO 23388 --- [participant-service] [DiscoveryClient-InstanceInfoReplicator-%d] com.netflix.discovery.DiscoveryClient    : DiscoveryClient_PARTICIPANT-SERVICE/10.238.133.64:participant-service:9002: registering service...
2024-12-16T14:23:48.830+05:30  INFO 23388 --- [participant-service] [SpringApplicationShutdownHook] o.s.b.w.e.tomcat.GracefulShutdown        : Commencing graceful shutdown. Waiting for active requests to complete
2024-12-16T14:23:48.850+05:30  INFO 23388 --- [participant-service] [tomcat-shutdown] o.s.b.w.e.tomcat.GracefulShutdown        : Graceful shutdown complete
2024-12-16T14:23:48.850+05:30  INFO 23388 --- [participant-service] [DiscoveryClient-InstanceInfoReplicator-%d] com.netflix.discovery.DiscoveryClient    : DiscoveryClient_PARTICIPANT-SERVICE/10.238.133.64:participant-service:9002 - registration status: 204
2024-12-16T14:23:50.924+05:30  INFO 23388 --- [participant-service] [SpringApplicationShutdownHook] com.netflix.discovery.DiscoveryClient    : Shutting down DiscoveryClient ...
2024-12-16T14:23:53.927+05:30  INFO 23388 --- [participant-service] [SpringApplicationShutdownHook] com.netflix.discovery.DiscoveryClient    : Unregistering ...
2024-12-16T14:23:53.947+05:30  INFO 23388 --- [participant-service] [SpringApplicationShutdownHook] com.netflix.discovery.DiscoveryClient    : DiscoveryClient_PARTICIPANT-SERVICE/10.238.133.64:participant-service:9002 - deregister  status: 200
2024-12-16T14:23:53.948+05:30  INFO 23388 --- [participant-service] [SpringApplicationShutdownHook] com.netflix.discovery.DiscoveryClient    : Completed shut down of DiscoveryClient
2024-12-16T14:24:41.817+05:30  INFO 10856 --- [participant-service] [main] c.p.p.ParticipantServiceApplication      : Starting ParticipantServiceApplication using Java 21.0.3 with PID 10856 (C:\Users\M1087704\Documents\Practice\participant-service\target\classes started by 61087704 in C:\Users\M1087704\Documents\Practice\participant-service)
2024-12-16T14:24:41.821+05:30  INFO 10856 --- [participant-service] [main] c.p.p.ParticipantServiceApplication      : No active profile set, falling back to 1 default profile: "default"
2024-12-16T14:24:43.826+05:30  INFO 10856 --- [participant-service] [main] o.s.cloud.context.scope.GenericScope     : BeanFactory id=fe2a52d4-a393-34c7-b25f-ffd6510caa63
2024-12-16T14:24:45.180+05:30  INFO 10856 --- [participant-service] [main] o.s.b.w.embedded.tomcat.TomcatWebServer  : Tomcat initialized with port 9002 (http)
2024-12-16T14:24:45.202+05:30  INFO 10856 --- [participant-service] [main] o.apache.catalina.core.StandardService   : Starting service [Tomcat]
2024-12-16T14:24:45.203+05:30  INFO 10856 --- [participant-service] [main] o.apache.catalina.core.StandardEngine    : Starting Servlet engine: [Apache Tomcat/10.1.33]
2024-12-16T14:24:45.357+05:30  INFO 10856 --- [participant-service] [main] o.a.c.c.C.[Tomcat].[localhost].[/]       : Initializing Spring embedded WebApplicationContext
2024-12-16T14:24:45.358+05:30  INFO 10856 --- [participant-service] [main] w.s.c.ServletWebServerApplicationContext : Root WebApplicationContext: initialization completed in 3463 ms
2024-12-16T14:24:50.051+05:30  INFO 10856 --- [participant-service] [main] DiscoveryClientOptionalArgsConfiguration : Eureka HTTP Client uses RestTemplate.
2024-12-16T14:24:50.243+05:30  WARN 10856 --- [participant-service] [main] iguration$LoadBalancerCaffeineWarnLogger : Spring Cloud LoadBalancer is currently working with the default cache. While this cache implementation is useful for development and tests, it's recommended to use Caffeine cache in production.You can switch to using Caffeine cache, by adding it and org.springframework.cache.caffeine.CaffeineCacheManager to the classpath.
2024-12-16T14:24:50.280+05:30  INFO 10856 --- [participant-service] [main] o.s.b.a.e.web.EndpointLinksResolver      : Exposing 28 endpoints beneath base path '/actuator'
2024-12-16T14:24:50.436+05:30  INFO 10856 --- [participant-service] [main] o.s.c.n.eureka.InstanceInfoFactory       : Setting initial instance status as: STARTING
2024-12-16T14:24:50.478+05:30  INFO 10856 --- [participant-service] [main] com.netflix.discovery.DiscoveryClient    : Initializing Eureka in region us-east-1
2024-12-16T14:24:50.489+05:30  INFO 10856 --- [participant-service] [main] c.n.d.s.r.aws.ConfigClusterResolver      : Resolving eureka endpoints via configuration
2024-12-16T14:24:50.511+05:30  INFO 10856 --- [participant-service] [main] com.netflix.discovery.DiscoveryClient    : Disable delta property : false
2024-12-16T14:24:50.511+05:30  INFO 10856 --- [participant-service] [main] com.netflix.discovery.DiscoveryClient    : Single vip registry refresh property : null
2024-12-16T14:24:50.512+05:30  INFO 10856 --- [participant-service] [main] com.netflix.discovery.DiscoveryClient    : Force full registry fetch : false
2024-12-16T14:24:50.512+05:30  INFO 10856 --- [participant-service] [main] com.netflix.discovery.DiscoveryClient    : Application is null : false
2024-12-16T14:24:50.512+05:30  INFO 10856 --- [participant-service] [main] com.netflix.discovery.DiscoveryClient    : Registered Applications size is zero : true
2024-12-16T14:24:50.512+05:30  INFO 10856 --- [participant-service] [main] com.netflix.discovery.DiscoveryClient    : Application version is -1: true
2024-12-16T14:24:50.513+05:30  INFO 10856 --- [participant-service] [main] com.netflix.discovery.DiscoveryClient    : Getting all instance registry info from the eureka server
2024-12-16T14:24:51.209+05:30  INFO 10856 --- [participant-service] [main] com.netflix.discovery.DiscoveryClient    : The response status is 200
2024-12-16T14:24:51.213+05:30  INFO 10856 --- [participant-service] [main] com.netflix.discovery.DiscoveryClient    : Starting heartbeat executor: renew interval is: 30
2024-12-16T14:24:51.217+05:30  INFO 10856 --- [participant-service] [main] c.n.discovery.InstanceInfoReplicator     : InstanceInfoReplicator onDemand update allowed rate per min is 4
2024-12-16T14:24:51.220+05:30  INFO 10856 --- [participant-service] [main] com.netflix.discovery.DiscoveryClient    : Discovery Client initialized at timestamp 1734339291219 with initial instances count: 1
2024-12-16T14:24:51.242+05:30  INFO 10856 --- [participant-service] [main] o.s.c.n.e.s.EurekaServiceRegistry        : Registering application PARTICIPANT-SERVICE with eureka with status UP
2024-12-16T14:24:51.244+05:30  INFO 10856 --- [participant-service] [main] com.netflix.discovery.DiscoveryClient    : Saw local status change event StatusChangeEvent [timestamp=1734339291244, current=UP, previous=STARTING]
2024-12-16T14:24:51.248+05:30  INFO 10856 --- [participant-service] [DiscoveryClient-InstanceInfoReplicator-%d] com.netflix.discovery.DiscoveryClient    : DiscoveryClient_PARTICIPANT-SERVICE/10.238.133.64:participant-service:9002: registering service...
2024-12-16T14:24:51.289+05:30  INFO 10856 --- [participant-service] [main] o.s.b.w.embedded.tomcat.TomcatWebServer  : Tomcat started on port 9002 (http) with context path '/'
2024-12-16T14:24:51.291+05:30  INFO 10856 --- [participant-service] [main] .s.c.n.e.s.EurekaAutoServiceRegistration : Updating port to 9002
2024-12-16T14:24:51.335+05:30  INFO 10856 --- [participant-service] [DiscoveryClient-InstanceInfoReplicator-%d] com.netflix.discovery.DiscoveryClient    : DiscoveryClient_PARTICIPANT-SERVICE/10.238.133.64:participant-service:9002 - registration status: 204
2024-12-16T14:24:51.366+05:30  INFO 10856 --- [participant-service] [main] c.p.p.ParticipantServiceApplication      : Started ParticipantServiceApplication in 10.34 seconds (process running for 11.143)
2024-12-16T14:25:10.632+05:30  INFO 10856 --- [participant-service] [http-nio-9002-exec-1] o.a.c.c.C.[Tomcat].[localhost].[/]       : Initializing Spring DispatcherServlet 'dispatcherServlet'
2024-12-16T14:25:10.633+05:30  INFO 10856 --- [participant-service] [http-nio-9002-exec-1] o.s.web.servlet.DispatcherServlet        : Initializing Servlet 'dispatcherServlet'
2024-12-16T14:25:10.637+05:30  INFO 10856 --- [participant-service] [http-nio-9002-exec-1] o.s.web.servlet.DispatcherServlet        : Completed initialization in 4 ms
2024-12-16T14:25:10.766+05:30  INFO 10856 --- [participant-service] [http-nio-9002-exec-1] c.p.p.service.ParticipantService         : GetAllParticipant Method::
2024-12-16T14:27:38.495+05:30  INFO 10856 --- [participant-service] [SpringApplicationShutdownHook] o.s.c.n.e.s.EurekaServiceRegistry        : Unregistering application PARTICIPANT-SERVICE with eureka with status DOWN
2024-12-16T14:27:38.496+05:30  INFO 10856 --- [participant-service] [SpringApplicationShutdownHook] com.netflix.discovery.DiscoveryClient    : Saw local status change event StatusChangeEvent [timestamp=1734339458496, current=DOWN, previous=UP]
2024-12-16T14:27:38.497+05:30  INFO 10856 --- [participant-service] [DiscoveryClient-InstanceInfoReplicator-%d] com.netflix.discovery.DiscoveryClient    : DiscoveryClient_PARTICIPANT-SERVICE/10.238.133.64:participant-service:9002: registering service...
2024-12-16T14:27:38.502+05:30  INFO 10856 --- [participant-service] [SpringApplicationShutdownHook] o.s.b.w.e.tomcat.GracefulShutdown        : Commencing graceful shutdown. Waiting for active requests to complete
2024-12-16T14:27:38.515+05:30  INFO 10856 --- [participant-service] [DiscoveryClient-InstanceInfoReplicator-%d] com.netflix.discovery.DiscoveryClient    : DiscoveryClient_PARTICIPANT-SERVICE/10.238.133.64:participant-service:9002 - registration status: 204
2024-12-16T14:27:38.531+05:30  INFO 10856 --- [participant-service] [tomcat-shutdown] o.s.b.w.e.tomcat.GracefulShutdown        : Graceful shutdown complete
2024-12-16T14:27:40.608+05:30  INFO 10856 --- [participant-service] [SpringApplicationShutdownHook] com.netflix.discovery.DiscoveryClient    : Shutting down DiscoveryClient ...
2024-12-16T14:27:43.622+05:30  INFO 10856 --- [participant-service] [SpringApplicationShutdownHook] com.netflix.discovery.DiscoveryClient    : Unregistering ...
2024-12-16T14:27:43.644+05:30  INFO 10856 --- [participant-service] [SpringApplicationShutdownHook] com.netflix.discovery.DiscoveryClient    : DiscoveryClient_PARTICIPANT-SERVICE/10.238.133.64:participant-service:9002 - deregister  status: 200
2024-12-16T14:27:43.644+05:30  INFO 10856 --- [participant-service] [SpringApplicationShutdownHook] com.netflix.discovery.DiscoveryClient    : Completed shut down of DiscoveryClient
